<?xml version="1.0" encoding="UTF-8"?>
<!-- Generated by org.testng.reporters.JUnitReportReporter -->
<testsuite hostname="Nikhil" failures="0" tests="3" name="testNG_Basics.Depends_On_Methods_Attribute" time="0.027" errors="0" timestamp="2023-11-01T11:11:57 IST" skipped="0">
  <testcase classname="testNG_Basics.Depends_On_Methods_Attribute" name="search" time="0.008">
    <system-out>
      <![CDATA[Executing search test case.....]]>
    </system-out>
  </testcase> <!-- search -->
  <testcase classname="testNG_Basics.Depends_On_Methods_Attribute" name="register" time="0.016">
    <system-out>
      <![CDATA[Executing register test case.....]]>
    </system-out>
  </testcase> <!-- register -->
  <testcase classname="testNG_Basics.Depends_On_Methods_Attribute" name="login" time="0.003">
    <system-out>
      <![CDATA[Executing login test case.....]]>
    </system-out>
  </testcase> <!-- login -->
  <system-out>
    <![CDATA[Executing register test case.....
Executing login test case.....
Executing search test case.....]]>
  </system-out>
</testsuite> <!-- testNG_Basics.Depends_On_Methods_Attribute -->
