<?xml version="1.0" encoding="UTF-8"?>
<!-- Generated by org.testng.reporters.JUnitReportReporter -->
<testsuite hostname="Nikhil" failures="0" tests="1" name="practice.Basics" time="0.031" errors="0" timestamp="2023-10-31T17:57:38 IST" skipped="0">
  <testcase classname="practice.Basics" name="registerTest" time="0.031"/>
</testsuite> <!-- practice.Basics -->
