<?xml version="1.0" encoding="UTF-8"?>
<!-- Generated by org.testng.reporters.JUnitReportReporter -->
<testsuite hostname="Nikhil" failures="0" tests="3" name="testNG_Basics.Priority_Attribute" time="0.019" errors="0" timestamp="2023-11-01T10:59:54 IST" skipped="0">
  <testcase classname="testNG_Basics.Priority_Attribute" name="register" time="0.013">
    <system-out>
      <![CDATA[Executing register test case.....]]>
    </system-out>
  </testcase> <!-- register -->
  <testcase classname="testNG_Basics.Priority_Attribute" name="login" time="0.002">
    <system-out>
      <![CDATA[Executing login test case.....]]>
    </system-out>
  </testcase> <!-- login -->
  <testcase classname="testNG_Basics.Priority_Attribute" name="search" time="0.004">
    <system-out>
      <![CDATA[Executing search test case.....]]>
    </system-out>
  </testcase> <!-- search -->
  <system-out>
    <![CDATA[Executing register test case.....
Executing login test case.....
Executing search test case.....]]>
  </system-out>
</testsuite> <!-- testNG_Basics.Priority_Attribute -->
