<?xml version="1.0" encoding="UTF-8"?>
<!-- Generated by org.testng.reporters.JUnitReportReporter -->
<testsuite hostname="Nikhil" failures="0" tests="3" name="testNG_Basics.Enabled_Attribute" time="0.016" errors="0" timestamp="2023-11-01T11:15:30 IST" skipped="1">
  <testcase classname="testNG_Basics.Enabled_Attribute" name="login" time="0.013">
    <system-out>
      <![CDATA[Executing login test case.....]]>
    </system-out>
  </testcase> <!-- login -->
  <testcase classname="testNG_Basics.Enabled_Attribute" name="register" time="0.003">
    <system-out>
      <![CDATA[Executing register test case.....]]>
    </system-out>
  </testcase> <!-- register -->
  <testcase classname="testNG_Basics.Enabled_Attribute" name="search">
    <skipped/>
  </testcase> <!-- search -->
  <system-out>
    <![CDATA[Executing login test case.....
Executing register test case.....]]>
  </system-out>
</testsuite> <!-- testNG_Basics.Enabled_Attribute -->
